<?xml version="1.0" encoding="UTF-8"?>
<!-- Generated by org.testng.reporters.JUnitXMLReporter -->
<testsuite hostname="DESKTOP-UNPT6K2" ignored="6" name="Practice" tests="3" failures="1" timestamp="07 Feb 2020 07:09:03 GMT" time="110.486" errors="0">
  <testcase name="loginPageTest" time="3.897" classname="com.glaucus.qa.testcases.Login_Page_Test"/>
  <testcase name="wrongEmailValidationTest" time="1.027" classname="com.glaucus.qa.testcases.Login_Page_Test"/>
  <testcase name="wrongPasswordValidationTest" time="25.606" classname="com.glaucus.qa.testcases.Login_Page_Test">
    <failure type="org.openqa.selenium.NoSuchElementException" message="no such element: Unable to locate element: {&amp;quot;method&amp;quot;:&amp;quot;xpath&amp;quot;,&amp;quot;selector&amp;quot;:&amp;quot;//div/a[contains(text(),&amp;apos;Orders&amp;apos;)]&amp;quot;}
  (Session info: chrome=79.0.3945.130)
For documentation on this error, please visit: http://seleniumhq.org/exceptions/no_such_element.html
Build info: version: &amp;apos;3.14.0&amp;apos;, revision: &amp;apos;aacccce0&amp;apos;, time: &amp;apos;2018-08-02T20:05:20.749Z&amp;apos;
System info: host: &amp;apos;DESKTOP-UNPT6K2&amp;apos;, ip: &amp;apos;192.168.0.107&amp;apos;, os.name: &amp;apos;Windows 10&amp;apos;, os.arch: &amp;apos;amd64&amp;apos;, os.version: &amp;apos;10.0&amp;apos;, java.version: &amp;apos;1.8.0_201&amp;apos;
Driver info: org.openqa.selenium.chrome.ChromeDriver
Capabilities {acceptInsecureCerts: false, browserName: chrome, browserVersion: 79.0.3945.130, chrome: {chromedriverVersion: 79.0.3945.36 (3582db32b3389..., userDataDir: C:\Users\SURESH~1\AppData\L...}, goog:chromeOptions: {debuggerAddress: localhost:65505}, javascriptEnabled: true, networkConnectionEnabled: false, pageLoadStrategy: normal, platform: WINDOWS, platformName: WINDOWS, proxy: Proxy(), setWindowRect: true, strictFileInteractability: false, timeouts: {implicit: 0, pageLoad: 300000, script: 30000}, unhandledPromptBehavior: dismiss and notify}
Session ID: 2a1aeb6b38eb498519c86be81e063b2c
*** Element info: {Using=xpath, value=//div/a[contains(text(),&amp;apos;Orders&amp;apos;)]}">
      <![CDATA[org.openqa.selenium.NoSuchElementException: no such element: Unable to locate element: {"method":"xpath","selector":"//div/a[contains(text(),'Orders')]"}
  (Session info: chrome=79.0.3945.130)
For documentation on this error, please visit: http://seleniumhq.org/exceptions/no_such_element.html
Build info: version: '3.14.0', revision: 'aacccce0', time: '2018-08-02T20:05:20.749Z'
System info: host: 'DESKTOP-UNPT6K2', ip: '192.168.0.107', os.name: 'Windows 10', os.arch: 'amd64', os.version: '10.0', java.version: '1.8.0_201'
Driver info: org.openqa.selenium.chrome.ChromeDriver
Capabilities {acceptInsecureCerts: false, browserName: chrome, browserVersion: 79.0.3945.130, chrome: {chromedriverVersion: 79.0.3945.36 (3582db32b3389..., userDataDir: C:\Users\SURESH~1\AppData\L...}, goog:chromeOptions: {debuggerAddress: localhost:65505}, javascriptEnabled: true, networkConnectionEnabled: false, pageLoadStrategy: normal, platform: WINDOWS, platformName: WINDOWS, proxy: Proxy(), setWindowRect: true, strictFileInteractability: false, timeouts: {implicit: 0, pageLoad: 300000, script: 30000}, unhandledPromptBehavior: dismiss and notify}
Session ID: 2a1aeb6b38eb498519c86be81e063b2c
*** Element info: {Using=xpath, value=//div/a[contains(text(),'Orders')]}
at org.openqa.selenium.remote.http.W3CHttpResponseCodec.createException(W3CHttpResponseCodec.java:187)
at org.openqa.selenium.remote.http.W3CHttpResponseCodec.decode(W3CHttpResponseCodec.java:122)
at org.openqa.selenium.remote.http.W3CHttpResponseCodec.decode(W3CHttpResponseCodec.java:49)
at org.openqa.selenium.remote.HttpCommandExecutor.execute(HttpCommandExecutor.java:158)
at org.openqa.selenium.remote.service.DriverCommandExecutor.execute(DriverCommandExecutor.java:83)
at org.openqa.selenium.remote.RemoteWebDriver.execute(RemoteWebDriver.java:548)
at org.openqa.selenium.remote.RemoteWebDriver.findElement(RemoteWebDriver.java:322)
at org.openqa.selenium.remote.RemoteWebDriver.findElementByXPath(RemoteWebDriver.java:424)
at org.openqa.selenium.By$ByXPath.findElement(By.java:353)
at org.openqa.selenium.remote.RemoteWebDriver.findElement(RemoteWebDriver.java:314)
at org.openqa.selenium.support.pagefactory.DefaultElementLocator.findElement(DefaultElementLocator.java:69)
at org.openqa.selenium.support.pagefactory.internal.LocatingElementHandler.invoke(LocatingElementHandler.java:38)
at com.sun.proxy.$Proxy10.isDisplayed(Unknown Source)
at com.glaucus.qa.pages.LoginPage.wrongPassWordValidationFunction(LoginPage.java:65)
at com.glaucus.qa.testcases.Login_Page_Test.wrongPasswordValidationTest(Login_Page_Test.java:46)
at java.util.concurrent.ThreadPoolExecutor.runWorker(Unknown Source)
at java.util.concurrent.ThreadPoolExecutor$Worker.run(Unknown Source)
at java.lang.Thread.run(Unknown Source)
... Removed 14 stack frames]]>
    </failure>
  </testcase> <!-- wrongPasswordValidationTest -->
  <testcase name="seeAllCustomerNamesTest" time="0.0" classname="com.glaucus.qa.testcases.AddOrder_Page_Test">
    <ignored/>
  </testcase> <!-- seeAllCustomerNamesTest -->
  <testcase name="ClickSaleOder" time="0.0" classname="com.glaucus.qa.testcases.Order_Page_Test">
    <ignored/>
  </testcase> <!-- ClickSaleOder -->
  <testcase name="checkCancelButton" time="0.0" classname="com.glaucus.qa.testcases.AddOrder_Page_Test">
    <ignored/>
  </testcase> <!-- checkCancelButton -->
  <testcase name="AddOrderButtonClickTest" time="0.0" classname="com.glaucus.qa.testcases.SalesOrder_Page_Test">
    <ignored/>
  </testcase> <!-- AddOrderButtonClickTest -->
  <testcase name="closeAddOrderTest" time="0.0" classname="com.glaucus.qa.testcases.AddOrder_Page_Test">
    <ignored/>
  </testcase> <!-- closeAddOrderTest -->
  <testcase name="checkSeeAllCustomerButton" time="0.0" classname="com.glaucus.qa.testcases.AddOrder_Page_Test">
    <ignored/>
  </testcase> <!-- checkSeeAllCustomerButton -->
</testsuite> <!-- Practice -->
